[0.091s] DEBUG:colcon:Command line arguments: ['/usr/bin/colcon', 'list', '--names-only']
[0.091s] DEBUG:colcon:Parsed command line arguments: Namespace(log_base=None, log_level=None, verb_name='list', build_base='build', ignore_user_meta=False, metas=['./colcon.meta'], base_paths=['.'], packages_ignore=None, packages_ignore_regex=None, paths=None, packages_up_to=None, packages_up_to_regex=None, packages_above=None, packages_above_and_dependencies=None, packages_above_depth=None, packages_select_by_dep=None, packages_skip_by_dep=None, packages_skip_up_to=None, packages_select_build_failed=False, packages_skip_build_finished=False, packages_select_test_failures=False, packages_skip_test_passed=False, packages_select=None, packages_skip=None, packages_select_regex=None, packages_skip_regex=None, packages_start=None, packages_end=None, allow_overriding=[], topological_order=False, names_only=True, paths_only=False, topological_graph=False, topological_graph_dot=False, topological_graph_density=False, topological_graph_legend=False, topological_graph_dot_cluster=False, topological_graph_dot_include_skipped=False, verb_parser=<colcon_defaults.argument_parser.defaults.DefaultArgumentsDecorator object at 0x71edc1f6cd10>, verb_extension=<colcon_package_information.verb.list.ListVerb object at 0x71edc1f3f200>, main=<bound method ListVerb.main of <colcon_package_information.verb.list.ListVerb object at 0x71edc1f3f200>>)
[0.123s] Level 1:colcon.colcon_core.package_discovery:discover_packages(colcon_meta) check parameters
[0.123s] Level 1:colcon.colcon_core.package_discovery:discover_packages(recursive) check parameters
[0.123s] Level 1:colcon.colcon_core.package_discovery:discover_packages(ignore) check parameters
[0.123s] Level 1:colcon.colcon_core.package_discovery:discover_packages(path) check parameters
[0.123s] Level 1:colcon.colcon_core.package_discovery:discover_packages(colcon_meta) discover
[0.123s] Level 1:colcon.colcon_core.package_discovery:discover_packages(recursive) discover
[0.123s] INFO:colcon.colcon_core.package_discovery:Crawling recursively for packages in '/home/csi/motion_system'
[0.123s] Level 1:colcon.colcon_core.package_identification:_identify(.) by extensions ['ignore', 'ignore_ament_install']
[0.123s] Level 1:colcon.colcon_core.package_identification:_identify(.) by extension 'ignore'
[0.123s] Level 1:colcon.colcon_core.package_identification:_identify(.) by extension 'ignore_ament_install'
[0.123s] Level 1:colcon.colcon_core.package_identification:_identify(.) by extensions ['colcon_pkg']
[0.123s] Level 1:colcon.colcon_core.package_identification:_identify(.) by extension 'colcon_pkg'
[0.123s] Level 1:colcon.colcon_core.package_identification:_identify(.) by extensions ['colcon_meta']
[0.123s] Level 1:colcon.colcon_core.package_identification:_identify(.) by extension 'colcon_meta'
[0.123s] Level 1:colcon.colcon_core.package_identification:_identify(.) by extensions ['ros']
[0.123s] Level 1:colcon.colcon_core.package_identification:_identify(.) by extension 'ros'
[0.139s] Level 1:colcon.colcon_core.package_identification:_identify(.) by extensions ['cmake', 'python']
[0.139s] Level 1:colcon.colcon_core.package_identification:_identify(.) by extension 'cmake'
[0.139s] Level 1:colcon.colcon_core.package_identification:_identify(.) by extension 'python'
[0.139s] Level 1:colcon.colcon_core.package_identification:_identify(.) by extensions ['python_setup_py']
[0.139s] Level 1:colcon.colcon_core.package_identification:_identify(.) by extension 'python_setup_py'
[0.139s] Level 1:colcon.colcon_core.package_identification:_identify(common) by extensions ['ignore', 'ignore_ament_install']
[0.139s] Level 1:colcon.colcon_core.package_identification:_identify(common) by extension 'ignore'
[0.139s] Level 1:colcon.colcon_core.package_identification:_identify(common) by extension 'ignore_ament_install'
[0.139s] Level 1:colcon.colcon_core.package_identification:_identify(common) by extensions ['colcon_pkg']
[0.139s] Level 1:colcon.colcon_core.package_identification:_identify(common) by extension 'colcon_pkg'
[0.139s] Level 1:colcon.colcon_core.package_identification:_identify(common) by extensions ['colcon_meta']
[0.140s] Level 1:colcon.colcon_core.package_identification:_identify(common) by extension 'colcon_meta'
[0.140s] Level 1:colcon.colcon_core.package_identification:_identify(common) by extensions ['ros']
[0.140s] Level 1:colcon.colcon_core.package_identification:_identify(common) by extension 'ros'
[0.140s] Level 1:colcon.colcon_core.package_identification:_identify(common) by extensions ['cmake', 'python']
[0.140s] Level 1:colcon.colcon_core.package_identification:_identify(common) by extension 'cmake'
[0.140s] Level 1:colcon.colcon_core.package_identification:_identify(common) by extension 'python'
[0.140s] Level 1:colcon.colcon_core.package_identification:_identify(common) by extensions ['python_setup_py']
[0.140s] Level 1:colcon.colcon_core.package_identification:_identify(common) by extension 'python_setup_py'
[0.140s] Level 1:colcon.colcon_core.package_identification:_identify(common/common_motor_interface) by extensions ['ignore', 'ignore_ament_install']
[0.140s] Level 1:colcon.colcon_core.package_identification:_identify(common/common_motor_interface) by extension 'ignore'
[0.140s] Level 1:colcon.colcon_core.package_identification:_identify(common/common_motor_interface) by extension 'ignore_ament_install'
[0.140s] Level 1:colcon.colcon_core.package_identification:_identify(common/common_motor_interface) by extensions ['colcon_pkg']
[0.140s] Level 1:colcon.colcon_core.package_identification:_identify(common/common_motor_interface) by extension 'colcon_pkg'
[0.140s] Level 1:colcon.colcon_core.package_identification:_identify(common/common_motor_interface) by extensions ['colcon_meta']
[0.140s] Level 1:colcon.colcon_core.package_identification:_identify(common/common_motor_interface) by extension 'colcon_meta'
[0.140s] Level 1:colcon.colcon_core.package_identification:_identify(common/common_motor_interface) by extensions ['ros']
[0.140s] Level 1:colcon.colcon_core.package_identification:_identify(common/common_motor_interface) by extension 'ros'
[0.142s] DEBUG:colcon.colcon_core.package_identification:Package 'common/common_motor_interface' with type 'ros.ament_cmake' and name 'common_motor_interface'
[0.142s] Level 1:colcon.colcon_core.package_identification:_identify(common/common_robot_interface) by extensions ['ignore', 'ignore_ament_install']
[0.142s] Level 1:colcon.colcon_core.package_identification:_identify(common/common_robot_interface) by extension 'ignore'
[0.142s] Level 1:colcon.colcon_core.package_identification:_identify(common/common_robot_interface) by extension 'ignore_ament_install'
[0.142s] Level 1:colcon.colcon_core.package_identification:_identify(common/common_robot_interface) by extensions ['colcon_pkg']
[0.142s] Level 1:colcon.colcon_core.package_identification:_identify(common/common_robot_interface) by extension 'colcon_pkg'
[0.142s] Level 1:colcon.colcon_core.package_identification:_identify(common/common_robot_interface) by extensions ['colcon_meta']
[0.142s] Level 1:colcon.colcon_core.package_identification:_identify(common/common_robot_interface) by extension 'colcon_meta'
[0.142s] Level 1:colcon.colcon_core.package_identification:_identify(common/common_robot_interface) by extensions ['ros']
[0.142s] Level 1:colcon.colcon_core.package_identification:_identify(common/common_robot_interface) by extension 'ros'
[0.142s] DEBUG:colcon.colcon_core.package_identification:Package 'common/common_robot_interface' with type 'ros.ament_python' and name 'common_robot_interface'
[0.142s] Level 1:colcon.colcon_core.package_identification:_identify(lib) by extensions ['ignore', 'ignore_ament_install']
[0.142s] Level 1:colcon.colcon_core.package_identification:_identify(lib) by extension 'ignore'
[0.142s] Level 1:colcon.colcon_core.package_identification:_identify(lib) by extension 'ignore_ament_install'
[0.142s] Level 1:colcon.colcon_core.package_identification:_identify(lib) by extensions ['colcon_pkg']
[0.142s] Level 1:colcon.colcon_core.package_identification:_identify(lib) by extension 'colcon_pkg'
[0.142s] Level 1:colcon.colcon_core.package_identification:_identify(lib) by extensions ['colcon_meta']
[0.142s] Level 1:colcon.colcon_core.package_identification:_identify(lib) by extension 'colcon_meta'
[0.142s] Level 1:colcon.colcon_core.package_identification:_identify(lib) by extensions ['ros']
[0.142s] Level 1:colcon.colcon_core.package_identification:_identify(lib) by extension 'ros'
[0.142s] Level 1:colcon.colcon_core.package_identification:_identify(lib) by extensions ['cmake', 'python']
[0.142s] Level 1:colcon.colcon_core.package_identification:_identify(lib) by extension 'cmake'
[0.142s] Level 1:colcon.colcon_core.package_identification:_identify(lib) by extension 'python'
[0.142s] Level 1:colcon.colcon_core.package_identification:_identify(lib) by extensions ['python_setup_py']
[0.142s] Level 1:colcon.colcon_core.package_identification:_identify(lib) by extension 'python_setup_py'
[0.142s] Level 1:colcon.colcon_core.package_identification:_identify(lib/motor_manager) by extensions ['ignore', 'ignore_ament_install']
[0.142s] Level 1:colcon.colcon_core.package_identification:_identify(lib/motor_manager) by extension 'ignore'
[0.143s] Level 1:colcon.colcon_core.package_identification:_identify(lib/motor_manager) by extension 'ignore_ament_install'
[0.143s] Level 1:colcon.colcon_core.package_identification:_identify(lib/motor_manager) by extensions ['colcon_pkg']
[0.143s] Level 1:colcon.colcon_core.package_identification:_identify(lib/motor_manager) by extension 'colcon_pkg'
[0.143s] Level 1:colcon.colcon_core.package_identification:_identify(lib/motor_manager) by extensions ['colcon_meta']
[0.143s] Level 1:colcon.colcon_core.package_identification:_identify(lib/motor_manager) by extension 'colcon_meta'
[0.143s] Level 1:colcon.colcon_core.package_identification:_identify(lib/motor_manager) by extensions ['ros']
[0.143s] Level 1:colcon.colcon_core.package_identification:_identify(lib/motor_manager) by extension 'ros'
[0.143s] DEBUG:colcon.colcon_core.package_identification:Package 'lib/motor_manager' with type 'ros.ament_cmake' and name 'motor_manager'
[0.143s] Level 1:colcon.colcon_core.package_identification:_identify(lib/robot_manager) by extensions ['ignore', 'ignore_ament_install']
[0.143s] Level 1:colcon.colcon_core.package_identification:_identify(lib/robot_manager) by extension 'ignore'
[0.143s] Level 1:colcon.colcon_core.package_identification:_identify(lib/robot_manager) by extension 'ignore_ament_install'
[0.143s] Level 1:colcon.colcon_core.package_identification:_identify(lib/robot_manager) by extensions ['colcon_pkg']
[0.143s] Level 1:colcon.colcon_core.package_identification:_identify(lib/robot_manager) by extension 'colcon_pkg'
[0.143s] Level 1:colcon.colcon_core.package_identification:_identify(lib/robot_manager) by extensions ['colcon_meta']
[0.143s] Level 1:colcon.colcon_core.package_identification:_identify(lib/robot_manager) by extension 'colcon_meta'
[0.143s] Level 1:colcon.colcon_core.package_identification:_identify(lib/robot_manager) by extensions ['ros']
[0.143s] Level 1:colcon.colcon_core.package_identification:_identify(lib/robot_manager) by extension 'ros'
[0.143s] Level 1:colcon.colcon_core.package_identification:_identify(lib/robot_manager) by extensions ['cmake', 'python']
[0.143s] Level 1:colcon.colcon_core.package_identification:_identify(lib/robot_manager) by extension 'cmake'
[0.143s] Level 1:colcon.colcon_core.package_identification:_identify(lib/robot_manager) by extension 'python'
[0.143s] Level 1:colcon.colcon_core.package_identification:_identify(lib/robot_manager) by extensions ['python_setup_py']
[0.143s] Level 1:colcon.colcon_core.package_identification:_identify(lib/robot_manager) by extension 'python_setup_py'
[0.143s] Level 1:colcon.colcon_core.package_identification:_identify(lib/robot_manager/core) by extensions ['ignore', 'ignore_ament_install']
[0.143s] Level 1:colcon.colcon_core.package_identification:_identify(lib/robot_manager/core) by extension 'ignore'
[0.143s] Level 1:colcon.colcon_core.package_identification:_identify(lib/robot_manager/core) by extension 'ignore_ament_install'
[0.143s] Level 1:colcon.colcon_core.package_identification:_identify(lib/robot_manager/core) by extensions ['colcon_pkg']
[0.143s] Level 1:colcon.colcon_core.package_identification:_identify(lib/robot_manager/core) by extension 'colcon_pkg'
[0.143s] Level 1:colcon.colcon_core.package_identification:_identify(lib/robot_manager/core) by extensions ['colcon_meta']
[0.143s] Level 1:colcon.colcon_core.package_identification:_identify(lib/robot_manager/core) by extension 'colcon_meta'
[0.143s] Level 1:colcon.colcon_core.package_identification:_identify(lib/robot_manager/core) by extensions ['ros']
[0.143s] Level 1:colcon.colcon_core.package_identification:_identify(lib/robot_manager/core) by extension 'ros'
[0.143s] Level 1:colcon.colcon_core.package_identification:_identify(lib/robot_manager/core) by extensions ['cmake', 'python']
[0.143s] Level 1:colcon.colcon_core.package_identification:_identify(lib/robot_manager/core) by extension 'cmake'
[0.144s] Level 1:colcon.colcon_core.package_identification:_identify(lib/robot_manager/core) by extension 'python'
[0.144s] Level 1:colcon.colcon_core.package_identification:_identify(lib/robot_manager/core) by extensions ['python_setup_py']
[0.144s] Level 1:colcon.colcon_core.package_identification:_identify(lib/robot_manager/core) by extension 'python_setup_py'
[0.144s] Level 1:colcon.colcon_core.package_identification:_identify(lib/robot_manager/core/robot_interface) by extensions ['ignore', 'ignore_ament_install']
[0.144s] Level 1:colcon.colcon_core.package_identification:_identify(lib/robot_manager/core/robot_interface) by extension 'ignore'
[0.144s] Level 1:colcon.colcon_core.package_identification:_identify(lib/robot_manager/core/robot_interface) by extension 'ignore_ament_install'
[0.144s] Level 1:colcon.colcon_core.package_identification:_identify(lib/robot_manager/core/robot_interface) by extensions ['colcon_pkg']
[0.144s] Level 1:colcon.colcon_core.package_identification:_identify(lib/robot_manager/core/robot_interface) by extension 'colcon_pkg'
[0.144s] Level 1:colcon.colcon_core.package_identification:_identify(lib/robot_manager/core/robot_interface) by extensions ['colcon_meta']
[0.144s] Level 1:colcon.colcon_core.package_identification:_identify(lib/robot_manager/core/robot_interface) by extension 'colcon_meta'
[0.144s] Level 1:colcon.colcon_core.package_identification:_identify(lib/robot_manager/core/robot_interface) by extensions ['ros']
[0.144s] Level 1:colcon.colcon_core.package_identification:_identify(lib/robot_manager/core/robot_interface) by extension 'ros'
[0.144s] DEBUG:colcon.colcon_core.package_identification:Package 'lib/robot_manager/core/robot_interface' with type 'ros.ament_python' and name 'robot_interface'
[0.144s] Level 1:colcon.colcon_core.package_identification:_identify(lib/robot_manager/kinematics) by extensions ['ignore', 'ignore_ament_install']
[0.144s] Level 1:colcon.colcon_core.package_identification:_identify(lib/robot_manager/kinematics) by extension 'ignore'
[0.144s] Level 1:colcon.colcon_core.package_identification:_identify(lib/robot_manager/kinematics) by extension 'ignore_ament_install'
[0.144s] Level 1:colcon.colcon_core.package_identification:_identify(lib/robot_manager/kinematics) by extensions ['colcon_pkg']
[0.144s] Level 1:colcon.colcon_core.package_identification:_identify(lib/robot_manager/kinematics) by extension 'colcon_pkg'
[0.144s] Level 1:colcon.colcon_core.package_identification:_identify(lib/robot_manager/kinematics) by extensions ['colcon_meta']
[0.144s] Level 1:colcon.colcon_core.package_identification:_identify(lib/robot_manager/kinematics) by extension 'colcon_meta'
[0.144s] Level 1:colcon.colcon_core.package_identification:_identify(lib/robot_manager/kinematics) by extensions ['ros']
[0.144s] Level 1:colcon.colcon_core.package_identification:_identify(lib/robot_manager/kinematics) by extension 'ros'
[0.145s] DEBUG:colcon.colcon_core.package_identification:Package 'lib/robot_manager/kinematics' with type 'ros.ament_python' and name 'kinematics'
[0.145s] Level 1:colcon.colcon_core.package_identification:_identify(lib/robot_manager/planner) by extensions ['ignore', 'ignore_ament_install']
[0.145s] Level 1:colcon.colcon_core.package_identification:_identify(lib/robot_manager/planner) by extension 'ignore'
[0.145s] Level 1:colcon.colcon_core.package_identification:_identify(lib/robot_manager/planner) by extension 'ignore_ament_install'
[0.145s] Level 1:colcon.colcon_core.package_identification:_identify(lib/robot_manager/planner) by extensions ['colcon_pkg']
[0.145s] Level 1:colcon.colcon_core.package_identification:_identify(lib/robot_manager/planner) by extension 'colcon_pkg'
[0.145s] Level 1:colcon.colcon_core.package_identification:_identify(lib/robot_manager/planner) by extensions ['colcon_meta']
[0.145s] Level 1:colcon.colcon_core.package_identification:_identify(lib/robot_manager/planner) by extension 'colcon_meta'
[0.145s] Level 1:colcon.colcon_core.package_identification:_identify(lib/robot_manager/planner) by extensions ['ros']
[0.145s] Level 1:colcon.colcon_core.package_identification:_identify(lib/robot_manager/planner) by extension 'ros'
[0.145s] DEBUG:colcon.colcon_core.package_identification:Package 'lib/robot_manager/planner' with type 'ros.ament_python' and name 'planner'
[0.145s] Level 1:colcon.colcon_core.package_identification:_identify(lib/robot_manager/robot_manager) by extensions ['ignore', 'ignore_ament_install']
[0.145s] Level 1:colcon.colcon_core.package_identification:_identify(lib/robot_manager/robot_manager) by extension 'ignore'
[0.145s] Level 1:colcon.colcon_core.package_identification:_identify(lib/robot_manager/robot_manager) by extension 'ignore_ament_install'
[0.145s] Level 1:colcon.colcon_core.package_identification:_identify(lib/robot_manager/robot_manager) by extensions ['colcon_pkg']
[0.145s] Level 1:colcon.colcon_core.package_identification:_identify(lib/robot_manager/robot_manager) by extension 'colcon_pkg'
[0.145s] Level 1:colcon.colcon_core.package_identification:_identify(lib/robot_manager/robot_manager) by extensions ['colcon_meta']
[0.145s] Level 1:colcon.colcon_core.package_identification:_identify(lib/robot_manager/robot_manager) by extension 'colcon_meta'
[0.145s] Level 1:colcon.colcon_core.package_identification:_identify(lib/robot_manager/robot_manager) by extensions ['ros']
[0.145s] Level 1:colcon.colcon_core.package_identification:_identify(lib/robot_manager/robot_manager) by extension 'ros'
[0.146s] DEBUG:colcon.colcon_core.package_identification:Package 'lib/robot_manager/robot_manager' with type 'ros.ament_python' and name 'robot_manager'
[0.146s] Level 1:colcon.colcon_core.package_identification:_identify(lib/robot_manager/robots) by extensions ['ignore', 'ignore_ament_install']
[0.146s] Level 1:colcon.colcon_core.package_identification:_identify(lib/robot_manager/robots) by extension 'ignore'
[0.146s] Level 1:colcon.colcon_core.package_identification:_identify(lib/robot_manager/robots) by extension 'ignore_ament_install'
[0.146s] Level 1:colcon.colcon_core.package_identification:_identify(lib/robot_manager/robots) by extensions ['colcon_pkg']
[0.146s] Level 1:colcon.colcon_core.package_identification:_identify(lib/robot_manager/robots) by extension 'colcon_pkg'
[0.146s] Level 1:colcon.colcon_core.package_identification:_identify(lib/robot_manager/robots) by extensions ['colcon_meta']
[0.146s] Level 1:colcon.colcon_core.package_identification:_identify(lib/robot_manager/robots) by extension 'colcon_meta'
[0.146s] Level 1:colcon.colcon_core.package_identification:_identify(lib/robot_manager/robots) by extensions ['ros']
[0.146s] Level 1:colcon.colcon_core.package_identification:_identify(lib/robot_manager/robots) by extension 'ros'
[0.146s] DEBUG:colcon.colcon_core.package_identification:Package 'lib/robot_manager/robots' with type 'ros.ament_python' and name 'robots'
[0.146s] Level 1:colcon.colcon_core.package_identification:_identify(lib/robot_manager/scheduler) by extensions ['ignore', 'ignore_ament_install']
[0.146s] Level 1:colcon.colcon_core.package_identification:_identify(lib/robot_manager/scheduler) by extension 'ignore'
[0.146s] Level 1:colcon.colcon_core.package_identification:_identify(lib/robot_manager/scheduler) by extension 'ignore_ament_install'
[0.146s] Level 1:colcon.colcon_core.package_identification:_identify(lib/robot_manager/scheduler) by extensions ['colcon_pkg']
[0.146s] Level 1:colcon.colcon_core.package_identification:_identify(lib/robot_manager/scheduler) by extension 'colcon_pkg'
[0.146s] Level 1:colcon.colcon_core.package_identification:_identify(lib/robot_manager/scheduler) by extensions ['colcon_meta']
[0.146s] Level 1:colcon.colcon_core.package_identification:_identify(lib/robot_manager/scheduler) by extension 'colcon_meta'
[0.146s] Level 1:colcon.colcon_core.package_identification:_identify(lib/robot_manager/scheduler) by extensions ['ros']
[0.146s] Level 1:colcon.colcon_core.package_identification:_identify(lib/robot_manager/scheduler) by extension 'ros'
[0.147s] DEBUG:colcon.colcon_core.package_identification:Package 'lib/robot_manager/scheduler' with type 'ros.ament_python' and name 'scheduler'
[0.147s] Level 1:colcon.colcon_core.package_identification:_identify(log) by extensions ['ignore', 'ignore_ament_install']
[0.147s] Level 1:colcon.colcon_core.package_identification:_identify(log) by extension 'ignore'
[0.147s] Level 1:colcon.colcon_core.package_identification:_identify(log) ignored
[0.147s] Level 1:colcon.colcon_core.package_identification:_identify(ros2) by extensions ['ignore', 'ignore_ament_install']
[0.147s] Level 1:colcon.colcon_core.package_identification:_identify(ros2) by extension 'ignore'
[0.147s] Level 1:colcon.colcon_core.package_identification:_identify(ros2) by extension 'ignore_ament_install'
[0.148s] Level 1:colcon.colcon_core.package_identification:_identify(ros2) by extensions ['colcon_pkg']
[0.148s] Level 1:colcon.colcon_core.package_identification:_identify(ros2) by extension 'colcon_pkg'
[0.148s] Level 1:colcon.colcon_core.package_identification:_identify(ros2) by extensions ['colcon_meta']
[0.148s] Level 1:colcon.colcon_core.package_identification:_identify(ros2) by extension 'colcon_meta'
[0.148s] Level 1:colcon.colcon_core.package_identification:_identify(ros2) by extensions ['ros']
[0.148s] Level 1:colcon.colcon_core.package_identification:_identify(ros2) by extension 'ros'
[0.148s] Level 1:colcon.colcon_core.package_identification:_identify(ros2) by extensions ['cmake', 'python']
[0.148s] Level 1:colcon.colcon_core.package_identification:_identify(ros2) by extension 'cmake'
[0.148s] Level 1:colcon.colcon_core.package_identification:_identify(ros2) by extension 'python'
[0.149s] Level 1:colcon.colcon_core.package_identification:_identify(ros2) by extensions ['python_setup_py']
[0.149s] Level 1:colcon.colcon_core.package_identification:_identify(ros2) by extension 'python_setup_py'
[0.149s] Level 1:colcon.colcon_core.package_identification:_identify(ros2/motion_system_msgs) by extensions ['ignore', 'ignore_ament_install']
[0.149s] Level 1:colcon.colcon_core.package_identification:_identify(ros2/motion_system_msgs) by extension 'ignore'
[0.149s] Level 1:colcon.colcon_core.package_identification:_identify(ros2/motion_system_msgs) by extension 'ignore_ament_install'
[0.149s] Level 1:colcon.colcon_core.package_identification:_identify(ros2/motion_system_msgs) by extensions ['colcon_pkg']
[0.149s] Level 1:colcon.colcon_core.package_identification:_identify(ros2/motion_system_msgs) by extension 'colcon_pkg'
[0.149s] Level 1:colcon.colcon_core.package_identification:_identify(ros2/motion_system_msgs) by extensions ['colcon_meta']
[0.149s] Level 1:colcon.colcon_core.package_identification:_identify(ros2/motion_system_msgs) by extension 'colcon_meta'
[0.149s] Level 1:colcon.colcon_core.package_identification:_identify(ros2/motion_system_msgs) by extensions ['ros']
[0.149s] Level 1:colcon.colcon_core.package_identification:_identify(ros2/motion_system_msgs) by extension 'ros'
[0.149s] DEBUG:colcon.colcon_core.package_identification:Package 'ros2/motion_system_msgs' with type 'ros.ament_cmake' and name 'motion_system_msgs'
[0.149s] Level 1:colcon.colcon_core.package_identification:_identify(ros2/motion_system_pkg) by extensions ['ignore', 'ignore_ament_install']
[0.149s] Level 1:colcon.colcon_core.package_identification:_identify(ros2/motion_system_pkg) by extension 'ignore'
[0.149s] Level 1:colcon.colcon_core.package_identification:_identify(ros2/motion_system_pkg) by extension 'ignore_ament_install'
[0.149s] Level 1:colcon.colcon_core.package_identification:_identify(ros2/motion_system_pkg) by extensions ['colcon_pkg']
[0.149s] Level 1:colcon.colcon_core.package_identification:_identify(ros2/motion_system_pkg) by extension 'colcon_pkg'
[0.149s] Level 1:colcon.colcon_core.package_identification:_identify(ros2/motion_system_pkg) by extensions ['colcon_meta']
[0.149s] Level 1:colcon.colcon_core.package_identification:_identify(ros2/motion_system_pkg) by extension 'colcon_meta'
[0.149s] Level 1:colcon.colcon_core.package_identification:_identify(ros2/motion_system_pkg) by extensions ['ros']
[0.149s] Level 1:colcon.colcon_core.package_identification:_identify(ros2/motion_system_pkg) by extension 'ros'
[0.150s] DEBUG:colcon.colcon_core.package_identification:Package 'ros2/motion_system_pkg' with type 'ros.ament_cmake' and name 'motion_system_pkg'
[0.150s] Level 1:colcon.colcon_core.package_identification:_identify(ros2/utils_pkg) by extensions ['ignore', 'ignore_ament_install']
[0.150s] Level 1:colcon.colcon_core.package_identification:_identify(ros2/utils_pkg) by extension 'ignore'
[0.150s] Level 1:colcon.colcon_core.package_identification:_identify(ros2/utils_pkg) by extension 'ignore_ament_install'
[0.150s] Level 1:colcon.colcon_core.package_identification:_identify(ros2/utils_pkg) by extensions ['colcon_pkg']
[0.150s] Level 1:colcon.colcon_core.package_identification:_identify(ros2/utils_pkg) by extension 'colcon_pkg'
[0.150s] Level 1:colcon.colcon_core.package_identification:_identify(ros2/utils_pkg) by extensions ['colcon_meta']
[0.150s] Level 1:colcon.colcon_core.package_identification:_identify(ros2/utils_pkg) by extension 'colcon_meta'
[0.150s] Level 1:colcon.colcon_core.package_identification:_identify(ros2/utils_pkg) by extensions ['ros']
[0.150s] Level 1:colcon.colcon_core.package_identification:_identify(ros2/utils_pkg) by extension 'ros'
[0.150s] DEBUG:colcon.colcon_core.package_identification:Package 'ros2/utils_pkg' with type 'ros.ament_python' and name 'utils_pkg'
[0.150s] Level 1:colcon.colcon_core.package_discovery:discover_packages(recursive) using defaults
[0.150s] Level 1:colcon.colcon_core.package_discovery:discover_packages(ignore) discover
[0.150s] Level 1:colcon.colcon_core.package_discovery:discover_packages(ignore) using defaults
[0.150s] Level 1:colcon.colcon_core.package_discovery:discover_packages(path) discover
[0.150s] Level 1:colcon.colcon_core.package_discovery:discover_packages(path) using defaults
